slapt-get-0.11.11/
slapt-get-0.11.11/.clang-format
slapt-get-0.11.11/.github/
slapt-get-0.11.11/.github/workflows/
slapt-get-0.11.11/.github/workflows/build-and-test.yml
slapt-get-0.11.11/.gitignore
slapt-get-0.11.11/.tx/
slapt-get-0.11.11/.tx/config
slapt-get-0.11.11/COPYING
slapt-get-0.11.11/ChangeLog
slapt-get-0.11.11/FAQ
slapt-get-0.11.11/README
slapt-get-0.11.11/default.slapt-getrc.aarch64
slapt-get-0.11.11/default.slapt-getrc.arm
slapt-get-0.11.11/default.slapt-getrc.i386
slapt-get-0.11.11/default.slapt-getrc.x86_64
slapt-get-0.11.11/doc/
slapt-get-0.11.11/doc/libslapt.3
slapt-get-0.11.11/doc/meson.build
slapt-get-0.11.11/doc/slapt-get.8
slapt-get-0.11.11/doc/slapt-get.ru.8
slapt-get-0.11.11/doc/slapt-get.uk.8
slapt-get-0.11.11/example.slapt-getrc
slapt-get-0.11.11/meson.build
slapt-get-0.11.11/po/
slapt-get-0.11.11/po/LINGUAS
slapt-get-0.11.11/po/POTFILES
slapt-get-0.11.11/po/bg.po
slapt-get-0.11.11/po/ca.po
slapt-get-0.11.11/po/cs.po
slapt-get-0.11.11/po/da.po
slapt-get-0.11.11/po/de.po
slapt-get-0.11.11/po/el.po
slapt-get-0.11.11/po/eo.po
slapt-get-0.11.11/po/es.po
slapt-get-0.11.11/po/es_AR.po
slapt-get-0.11.11/po/es_ES.po
slapt-get-0.11.11/po/fr.po
slapt-get-0.11.11/po/gl_ES.po
slapt-get-0.11.11/po/he.po
slapt-get-0.11.11/po/hi_IN.po
slapt-get-0.11.11/po/hu.po
slapt-get-0.11.11/po/id.po
slapt-get-0.11.11/po/it.po
slapt-get-0.11.11/po/ja.po
slapt-get-0.11.11/po/lv_LV.po
slapt-get-0.11.11/po/meson.build
slapt-get-0.11.11/po/nl.po
slapt-get-0.11.11/po/no.po
slapt-get-0.11.11/po/pl.po
slapt-get-0.11.11/po/pt.po
slapt-get-0.11.11/po/pt_BR.po
slapt-get-0.11.11/po/pt_PT.po
slapt-get-0.11.11/po/ro.po
slapt-get-0.11.11/po/ru.po
slapt-get-0.11.11/po/sk.po
slapt-get-0.11.11/po/sl.po
slapt-get-0.11.11/po/slapt-get.pot
slapt-get-0.11.11/po/sv.po
slapt-get-0.11.11/po/tr.po
slapt-get-0.11.11/po/uk.po
slapt-get-0.11.11/po/vi.po
slapt-get-0.11.11/po/zh_CN.po
slapt-get-0.11.11/slack-desc
slapt-get-0.11.11/slack-required
slapt-get-0.11.11/slack-suggests
slapt-get-0.11.11/slapt-get.Slackbuild
slapt-get-0.11.11/src/
slapt-get-0.11.11/src/common.c
slapt-get-0.11.11/src/common.h
slapt-get-0.11.11/src/configuration.c
slapt-get-0.11.11/src/configuration.h
slapt-get-0.11.11/src/main.c
slapt-get-0.11.11/src/main.h
slapt-get-0.11.11/src/meson.build
slapt-get-0.11.11/src/mkslapth.sh
slapt-get-0.11.11/src/package.c
slapt-get-0.11.11/src/package.h
slapt-get-0.11.11/src/slaptcurl.c
slapt-get-0.11.11/src/slaptcurl.h
slapt-get-0.11.11/src/slaptgpgme.c
slapt-get-0.11.11/src/slaptgpgme.h
slapt-get-0.11.11/src/transaction.c
slapt-get-0.11.11/src/transaction.h
slapt-get-0.11.11/t/
slapt-get-0.11.11/t/Makefile
slapt-get-0.11.11/t/clitests.sh
slapt-get-0.11.11/t/common.h
slapt-get-0.11.11/t/data/
slapt-get-0.11.11/t/data/avail_deps
slapt-get-0.11.11/t/data/installed_deps
slapt-get-0.11.11/t/data/md5_dummy
slapt-get-0.11.11/t/data/rc1
slapt-get-0.11.11/t/meson.build
slapt-get-0.11.11/t/test.c
slapt-get-0.11.11/t/test_common.c
slapt-get-0.11.11/t/test_common.h
slapt-get-0.11.11/t/test_configuration.c
slapt-get-0.11.11/t/test_configuration.h
slapt-get-0.11.11/t/test_curl.c
slapt-get-0.11.11/t/test_curl.h
slapt-get-0.11.11/t/test_packages.c
slapt-get-0.11.11/t/test_packages.h
slapt-get-0.11.11/t/test_transaction.c
slapt-get-0.11.11/t/test_transaction.h
The Meson build system
Version: 1.7.0
Source dir: /repo/x86_64/slint-15.0/source/slapt-get/slapt-get-0.11.11
Build dir: /repo/x86_64/slint-15.0/source/slapt-get/slapt-get-0.11.11/build
Build type: native build
Project name: slapt-get
Project version: 0.11.11
C compiler for the host machine: ccache cc (gcc 11.2.0 "cc (GCC) 11.2.0")
C linker for the host machine: cc ld.bfd 2.37-slack15
Host machine cpu family: x86_64
Host machine cpu: x86_64
Found pkg-config: YES (/usr/bin/pkg-config) 0.29.2
Run-time dependency libcurl found: YES 8.14.1
Run-time dependency zlib found: YES 1.2.13
Run-time dependency openssl found: YES 1.1.1zb
Library m found: YES
gpg-config found: NO
Run-time dependency gpgme found: NO (tried pkgconfig and config-tool)
Compiler for C supports arguments -U_FORTIFY_SOURCE: YES 
Compiler for C supports arguments -D_FORTIFY_SOURCE=2: YES 
Compiler for C supports arguments -fcf-protection=full: YES 
Compiler for C supports arguments -fstack-clash-protection: YES 
Compiler for C supports arguments -fstack-protector-all: YES 
Compiler for C supports arguments -ftrivial-auto-var-init=zero: NO 
Compiler for C supports arguments -ftrapv: YES 
Compiler for C supports arguments -ggdb3: YES 
Compiler for C supports arguments -mshstk: YES 
Compiler for C supports arguments -ffat-lto-objects: YES 
Compiler for C supports arguments -fno-extended-identifiers: YES 
Compiler for C supports arguments -fno-strict-aliasing: YES 
Compiler for C supports arguments -fstrict-flex-arrays=3: NO 
Compiler for C supports arguments -Warith-conversion: YES 
Compiler for C supports arguments -Warray-bounds=2: YES 
Compiler for C supports arguments -Wbidi-chars=any: NO 
Compiler for C supports arguments -Wcast-align=strict: YES 
Compiler for C supports arguments -Wconversion: YES 
Compiler for C supports arguments -Wduplicated-cond: YES 
Compiler for C supports arguments -Wduplicated-branches: YES 
Compiler for C supports arguments -Wformat-nonliteral: YES 
Compiler for C supports arguments -Wformat-overflow=2: YES 
Compiler for C supports arguments -Wformat-security: YES 
Compiler for C supports arguments -Wformat-truncation: YES 
Compiler for C supports arguments -Wformat=2: YES 
Compiler for C supports arguments -Wimplicit-function-declaration: YES 
Compiler for C supports arguments -Wimplicit-fallthrough=3: YES 
Compiler for C supports arguments -Wincompatible-pointer-types: YES 
Compiler for C supports arguments -Winit-self: YES 
Compiler for C supports arguments -Wint-conversion: YES 
Compiler for C supports arguments -Wlogical-op: YES 
Compiler for C supports arguments -Wmaybe-uninitialized: YES 
Compiler for C supports arguments -Wmissing-field-initializers: YES 
Compiler for C supports arguments -Wnull-dereference: YES 
Compiler for C supports arguments -Wold-style-definition: YES 
Compiler for C supports arguments -Wparentheses: YES 
Compiler for C supports arguments -Wredundant-decls: YES 
Compiler for C supports arguments -Wshadow: YES 
Compiler for C supports arguments -Wshift-overflow=2: YES 
Compiler for C supports arguments -Wstrict-overflow=5: YES 
Compiler for C supports arguments -Wstrict-prototypes: YES 
Compiler for C supports arguments -Wstringop-overflow=4: YES 
Compiler for C supports arguments -Wswitch-default: YES 
Compiler for C supports arguments -Wtrampolines: YES 
Compiler for C supports arguments -Wundef: YES 
Compiler for C supports arguments -Wwrite-strings: YES 
Compiler for C supports link arguments -U_FORTIFY_SOURCE: YES 
Compiler for C supports link arguments -D_FORTIFY_SOURCE=2: YES 
Compiler for C supports link arguments -fcf-protection=full: YES 
Compiler for C supports link arguments -fstack-clash-protection: YES 
Compiler for C supports link arguments -fstack-protector-all: YES 
Compiler for C supports link arguments -ftrivial-auto-var-init=zero: NO 
Compiler for C supports link arguments -ftrapv: YES 
Compiler for C supports link arguments -ggdb3: YES 
Compiler for C supports link arguments -mshstk: YES 
Compiler for C supports link arguments -ffat-lto-objects: YES 
Compiler for C supports link arguments -fno-extended-identifiers: YES 
Compiler for C supports link arguments -fno-strict-aliasing: YES 
Compiler for C supports link arguments -fstrict-flex-arrays=3: NO 
Compiler for C supports link arguments -Warith-conversion: YES 
Compiler for C supports link arguments -Warray-bounds=2: YES 
Compiler for C supports link arguments -Wbidi-chars=any: NO 
Compiler for C supports link arguments -Wcast-align=strict: YES 
Compiler for C supports link arguments -Wconversion: YES 
Compiler for C supports link arguments -Wduplicated-cond: YES 
Compiler for C supports link arguments -Wduplicated-branches: YES 
Compiler for C supports link arguments -Wformat-nonliteral: YES 
Compiler for C supports link arguments -Wformat-overflow=2: YES 
Compiler for C supports link arguments -Wformat-security: YES 
Compiler for C supports link arguments -Wformat-truncation: YES 
Compiler for C supports link arguments -Wformat=2: YES 
Compiler for C supports link arguments -Wimplicit-function-declaration: YES 
Compiler for C supports link arguments -Wimplicit-fallthrough=3: YES 
Compiler for C supports link arguments -Wincompatible-pointer-types: YES 
Compiler for C supports link arguments -Winit-self: YES 
Compiler for C supports link arguments -Wint-conversion: YES 
Compiler for C supports link arguments -Wlogical-op: YES 
Compiler for C supports link arguments -Wmaybe-uninitialized: YES 
Compiler for C supports link arguments -Wmissing-field-initializers: YES 
Compiler for C supports link arguments -Wnull-dereference: YES 
Compiler for C supports link arguments -Wold-style-definition: YES 
Compiler for C supports link arguments -Wparentheses: YES 
Compiler for C supports link arguments -Wredundant-decls: YES 
Compiler for C supports link arguments -Wshadow: YES 
Compiler for C supports link arguments -Wshift-overflow=2: YES 
Compiler for C supports link arguments -Wstrict-overflow=5: YES 
Compiler for C supports link arguments -Wstrict-prototypes: YES 
Compiler for C supports link arguments -Wstringop-overflow=4: YES 
Compiler for C supports link arguments -Wswitch-default: YES 
Compiler for C supports link arguments -Wtrampolines: YES 
Compiler for C supports link arguments -Wundef: YES 
Compiler for C supports link arguments -Wwrite-strings: YES 
Compiler for C supports link arguments -Wl,-z,defs: YES 
Compiler for C supports link arguments -Wl,-z,noexecstack: YES 
Compiler for C supports link arguments -Wl,-z,now: YES 
Compiler for C supports link arguments -Wl,-z,relro: YES 
Compiler for C supports link arguments -Wl,-z,separate-code: YES 
Program msgfmt found: YES (/usr/bin/msgfmt)
Program msginit found: YES (/usr/bin/msginit)
Program msgmerge found: YES (/usr/bin/msgmerge)
Program xgettext found: YES (/usr/bin/xgettext)
Program mkslapth.sh found: YES (/repo/x86_64/slint-15.0/source/slapt-get/slapt-get-0.11.11/src/mkslapth.sh)
Run-time dependency check found: YES 0.15.2
Program clitests.sh found: YES (/repo/x86_64/slint-15.0/source/slapt-get/slapt-get-0.11.11/t/clitests.sh)
Build targets in project: 41

slapt-get 0.11.11

  User defined options
    buildtype : release
    libdir    : /usr/lib64
    mandir    : /usr/man
    prefix    : /usr
    sysconfdir: /etc

Found ninja-1.12.1 at /usr/bin/ninja
ninja: Entering directory `/repo/x86_64/slint-15.0/source/slapt-get/slapt-get-0.11.11/build'
[1/51] Building translation po/bg/LC_MESSAGES/slapt-get-bg.mo
[2/51] Building translation po/ca/LC_MESSAGES/slapt-get-ca.mo
[3/51] Building translation po/cs/LC_MESSAGES/slapt-get-cs.mo
[4/51] Generating src/slapt.h with a custom command
[5/51] Building translation po/da/LC_MESSAGES/slapt-get-da.mo
[6/51] Building translation po/de/LC_MESSAGES/slapt-get-de.mo
[7/51] Building translation po/el/LC_MESSAGES/slapt-get-el.mo
[8/51] Compiling C object src/libslapt.so.0.11.11.p/configuration.c.o
[9/51] Compiling C object t/testapp.p/test.c.o
[10/51] Compiling C object t/testapp.p/test_configuration.c.o
[11/51] Building translation po/eo/LC_MESSAGES/slapt-get-eo.mo
[12/51] Building translation po/es/LC_MESSAGES/slapt-get-es.mo
[13/51] Building translation po/es_AR/LC_MESSAGES/slapt-get-es_AR.mo
[14/51] Building translation po/es_ES/LC_MESSAGES/slapt-get-es_ES.mo
[15/51] Compiling C object t/testapp.p/test_curl.c.o
[16/51] Building translation po/fr/LC_MESSAGES/slapt-get-fr.mo
[17/51] Building translation po/gl_ES/LC_MESSAGES/slapt-get-gl_ES.mo
[18/51] Compiling C object t/testapp.p/test_common.c.o
[19/51] Building translation po/he/LC_MESSAGES/slapt-get-he.mo
[20/51] Compiling C object src/libslapt.so.0.11.11.p/common.c.o
[21/51] Building translation po/hi_IN/LC_MESSAGES/slapt-get-hi_IN.mo
[22/51] Building translation po/hu/LC_MESSAGES/slapt-get-hu.mo
[23/51] Building translation po/id/LC_MESSAGES/slapt-get-id.mo
[24/51] Building translation po/ja/LC_MESSAGES/slapt-get-ja.mo
[25/51] Building translation po/it/LC_MESSAGES/slapt-get-it.mo
[26/51] Building translation po/nl/LC_MESSAGES/slapt-get-nl.mo
[27/51] Building translation po/lv_LV/LC_MESSAGES/slapt-get-lv_LV.mo
[28/51] Building translation po/pl/LC_MESSAGES/slapt-get-pl.mo
[29/51] Building translation po/no/LC_MESSAGES/slapt-get-no.mo
[30/51] Building translation po/pt_BR/LC_MESSAGES/slapt-get-pt_BR.mo
[31/51] Building translation po/pt/LC_MESSAGES/slapt-get-pt.mo
[32/51] Building translation po/pt_PT/LC_MESSAGES/slapt-get-pt_PT.mo
[33/51] Building translation po/ro/LC_MESSAGES/slapt-get-ro.mo
[34/51] Building translation po/sk/LC_MESSAGES/slapt-get-sk.mo
[35/51] Building translation po/ru/LC_MESSAGES/slapt-get-ru.mo
[36/51] Building translation po/sl/LC_MESSAGES/slapt-get-sl.mo
[37/51] Building translation po/sv/LC_MESSAGES/slapt-get-sv.mo
[38/51] Building translation po/tr/LC_MESSAGES/slapt-get-tr.mo
[39/51] Building translation po/vi/LC_MESSAGES/slapt-get-vi.mo
[40/51] Building translation po/uk/LC_MESSAGES/slapt-get-uk.mo
[41/51] Building translation po/zh_CN/LC_MESSAGES/slapt-get-zh_CN.mo
[42/51] Compiling C object src/libslapt.so.0.11.11.p/transaction.c.o
[43/51] Compiling C object src/libslapt.so.0.11.11.p/slaptcurl.c.o
[44/51] Compiling C object src/slapt-get.p/main.c.o
[45/51] Compiling C object t/testapp.p/test_transaction.c.o
[46/51] Compiling C object t/testapp.p/test_packages.c.o
[47/51] Compiling C object src/libslapt.so.0.11.11.p/package.c.o
[48/51] Linking target src/libslapt.so.0.11.11
FAILED: src/libslapt.so.0.11.11 
cc  -o src/libslapt.so.0.11.11 src/libslapt.so.0.11.11.p/common.c.o src/libslapt.so.0.11.11.p/configuration.c.o src/libslapt.so.0.11.11.p/package.c.o src/libslapt.so.0.11.11.p/slaptcurl.c.o src/libslapt.so.0.11.11.p/transaction.c.o -Werror -flto -Wl,--as-needed -Wl,--no-undefined -Wl,-O1 -shared -fPIC -Wl,-soname,libslapt.so.0 -U_FORTIFY_SOURCE -D_FORTIFY_SOURCE=2 -fcf-protection=full -fstack-clash-protection -fstack-protector-all -ftrapv -ggdb3 -mshstk -ffat-lto-objects -fno-extended-identifiers -fno-strict-aliasing -Warith-conversion -Warray-bounds=2 -Wcast-align=strict -Wconversion -Wduplicated-cond -Wduplicated-branches -Wformat-nonliteral -Wformat-overflow=2 -Wformat-security -Wformat-truncation -Wformat=2 -Wimplicit-function-declaration -Wimplicit-fallthrough=3 -Wincompatible-pointer-types -Winit-self -Wint-conversion -Wlogical-op -Wmaybe-uninitialized -Wmissing-field-initializers -Wnull-dereference -Wold-style-definition -Wparentheses -Wredundant-decls -Wshadow -Wshift-overflow=2 -Wstrict-overflow=5 -Wstrict-prototypes -Wstringop-overflow=4 -Wswitch-default -Wtrampolines -Wundef -Wwrite-strings -Wl,-z,defs -Wl,-z,noexecstack -Wl,-z,now -Wl,-z,relro -Wl,-z,separate-code -march=x86-64 -mtune=generic -pipe -O2 -fPIC -Wl,--start-group /usr/lib64/libcurl.so /usr/lib64/libz.so /usr/lib64/libssl.so /usr/lib64/libcrypto.so -lm -Wl,--end-group
../src/slaptcurl.c: Dans la fonction « slapt_head_request »:
../src/slaptcurl.c:124:5: erreur: appel à « _curl_easy_setopt_err_long » déclaré avec un avertissement d'attribut: curl_easy_setopt expects a long argument [-Werror=attribute-warning]
  124 |     curl_easy_setopt(ch, CURLOPT_NOPROGRESS, 1);
      |     ^
../src/slaptcurl.c:127:5: erreur: appel à « _curl_easy_setopt_err_long » déclaré avec un avertissement d'attribut: curl_easy_setopt expects a long argument [-Werror=attribute-warning]
  127 |     curl_easy_setopt(ch, CURLOPT_HEADER, 1);
      |     ^
../src/slaptcurl.c:128:5: erreur: appel à « _curl_easy_setopt_err_long » déclaré avec un avertissement d'attribut: curl_easy_setopt expects a long argument [-Werror=attribute-warning]
  128 |     curl_easy_setopt(ch, CURLOPT_NOBODY, 1);
      |     ^
../src/slaptcurl.c:129:5: erreur: appel à « _curl_easy_setopt_err_long » déclaré avec un avertissement d'attribut: curl_easy_setopt expects a long argument [-Werror=attribute-warning]
  129 |     curl_easy_setopt(ch, CURLOPT_FTP_USE_EPSV, 0);
      |     ^
../src/slaptcurl.c:134:5: erreur: appel à « _curl_easy_setopt_err_long » déclaré avec un avertissement d'attribut: curl_easy_setopt expects a long argument [-Werror=attribute-warning]
  134 |     curl_easy_setopt(ch, CURLOPT_FAILONERROR, 1);
      |     ^
../src/slaptcurl.c:141:5: erreur: appel à « _curl_easy_setopt_err_long » déclaré avec un avertissement d'attribut: curl_easy_setopt expects a long argument [-Werror=attribute-warning]
  141 |     curl_easy_setopt(ch, CURLOPT_FILETIME, 1);
      |     ^
../src/slaptcurl.c:142:5: erreur: appel à « _curl_easy_setopt_err_long » déclaré avec un avertissement d'attribut: curl_easy_setopt expects a long argument [-Werror=attribute-warning]
  142 |     curl_easy_setopt(ch, CURLOPT_FOLLOWLOCATION, 1);
      |     ^
../src/slaptcurl.c:145:9: erreur: appel à « _curl_easy_setopt_err_long » déclaré avec un avertissement d'attribut: curl_easy_setopt expects a long argument [-Werror=attribute-warning]
  145 |         curl_easy_setopt(ch, CURLOPT_VERBOSE, 1);
      |         ^
../src/slaptcurl.c: Dans la fonction « slapt_download_data »:
../src/slaptcurl.c:35:5: erreur: appel à « _curl_easy_setopt_err_long » déclaré avec un avertissement d'attribut: curl_easy_setopt expects a long argument [-Werror=attribute-warning]
   35 |     curl_easy_setopt(ch, CURLOPT_NOPROGRESS, 0);
      |     ^
../src/slaptcurl.c:37:5: erreur: appel à « _curl_easy_setopt_err_long » déclaré avec un avertissement d'attribut: curl_easy_setopt expects a long argument [-Werror=attribute-warning]
   37 |     curl_easy_setopt(ch, CURLOPT_FTP_USE_EPSV, 0);
      |     ^
../src/slaptcurl.c:42:5: erreur: appel à « _curl_easy_setopt_err_long » déclaré avec un avertissement d'attribut: curl_easy_setopt expects a long argument [-Werror=attribute-warning]
   42 |     curl_easy_setopt(ch, CURLOPT_FAILONERROR, 1);
      |     ^
../src/slaptcurl.c:49:5: erreur: appel à « _curl_easy_setopt_err_long » déclaré avec un avertissement d'attribut: curl_easy_setopt expects a long argument [-Werror=attribute-warning]
   49 |     curl_easy_setopt(ch, CURLOPT_FILETIME, 1);
      |     ^
../src/slaptcurl.c:50:5: erreur: appel à « _curl_easy_setopt_err_long » déclaré avec un avertissement d'attribut: curl_easy_setopt expects a long argument [-Werror=attribute-warning]
   50 |     curl_easy_setopt(ch, CURLOPT_FOLLOWLOCATION, 1);
      |     ^
../src/slaptcurl.c:54:9: erreur: appel à « _curl_easy_setopt_err_long » déclaré avec un avertissement d'attribut: curl_easy_setopt expects a long argument [-Werror=attribute-warning]
   54 |         curl_easy_setopt(ch, CURLOPT_SSL_VERIFYPEER, 0);
      |         ^
../src/slaptcurl.c:56:9: erreur: appel à « _curl_easy_setopt_err_long » déclaré avec un avertissement d'attribut: curl_easy_setopt expects a long argument [-Werror=attribute-warning]
   56 |         curl_easy_setopt(ch, CURLOPT_VERBOSE, 1);
      |         ^
lto1 : tous les avertissements sont traités comme des erreurs
lto-wrapper: erreur fatale: cc a retourné 1 comme valeur de sortie
compilation terminée.
/usr/bin/ld : erreur : lto-wrapper failed
collect2: erreur: ld a retourné le statut de sortie 1
ninja: build stopped: subcommand failed.
INFO: autodetecting backend as ninja
INFO: calculating backend command to run: /usr/bin/ninja -C /repo/x86_64/slint-15.0/source/slapt-get/slapt-get-0.11.11/build
slapt-get.SlackBuild FAILED at line 95!
